2 0 100
1 1
1 2
4 3 171 191 194
4 4 115 266 282
3 5 241 267
5 6 209 235 253 278
3 7 106 275
2 8 120
1 9
2 10 265
3 11 216 233
1 12
8 13 121 168 190 217 239 269 293
3 14 161 183
4 15 127 141 297
2 16 291
1 17
2 18 135
4 19 138 226 257
1 20
2 21 143
5 22 204 218 244 299
2 23 215
5 24 114 207 225 247
2 25 245
2 26 175
3 27 181 279
3 28 162 178
9 29 157 167 185 214 234 249 280 296
1 30
1 31
3 32 158 169
3 33 109 186
2 34 104
3 35 250 274
3 36 102 152
1 37
3 38 136 149
2 39 151
3 40 163 189
3 41 112 273
3 42 260 288
1 43
6 44 134 139 246 268 283
2 45 240
1 46
1 47
2 48 228
1 49
6 50 177 202 219 255 276
2 51 295
1 52
4 53 156 174 192
7 54 113 147 200 210 224 262
2 55 294
7 56 129 133 140 212 237 256
4 57 144 150 154
2 58 123
1 59
4 60 131 223 287
3 61 182 281
3 62 122 165
2 63 142
3 64 166 173
4 65 101 243 277
1 66
1 67
2 68 176
1 69
2 70 231
1 71
5 72 111 180 198 206
4 73 203 227 251
2 74 132
7 75 110 117 193 201 220 229
4 76 221 238 258
1 77
2 78 286
2 79 145
4 80 118 242 285
2 81 272
7 82 164 172 179 199 248 284
2 83 290
1 84
3 85 105 130
6 86 187 197 205 236 263
4 87 107 128 153
3 88 119 252
4 89 213 261 298
5 90 222 230 254 271
6 91 146 160 184 196 270
6 92 125 137 148 155 292
2 93 208
1 94
5 95 124 232 264 289
6 96 159 170 188 195 211
1 97
2 98 259
5 99 103 108 116 126
